0 info it worked if it ends with ok
1 verbose cli [ 'node',
1 verbose cli   '/usr/local/bin/npm',
1 verbose cli   'install',
1 verbose cli   'angular-disqus',
1 verbose cli   '--save' ]
2 info using npm@2.1.3
3 info using node@v0.10.25
4 silly cache add args [ 'angular-disqus', null ]
5 verbose cache add spec angular-disqus
6 silly cache add parsed spec { raw: 'angular-disqus',
6 silly cache add   scope: null,
6 silly cache add   name: 'angular-disqus',
6 silly cache add   rawSpec: '',
6 silly cache add   spec: '*',
6 silly cache add   type: 'range' }
7 verbose addNamed angular-disqus@*
8 verbose addNamed angular-disqus@* not in flight; adding
9 silly addNamed semver.valid null
10 silly addNamed semver.validRange *
11 silly addNameRange { name: 'angular-disqus', range: '*', hasData: false }
12 verbose mapToRegistry name angular-disqus
13 verbose mapToRegistry uri https://registry.npmjs.org/angular-disqus
14 verbose request on initialization, where is /angular-disqus
15 verbose request after pass 1, where is /angular-disqus
16 verbose request url raw /angular-disqus
17 verbose request resolving registry [ 'https://registry.npmjs.org/', './angular-disqus' ]
18 verbose request after pass 2, where is https://registry.npmjs.org/angular-disqus
19 verbose request no auth needed
20 info attempt registry request try #1 at 21:26:08
21 verbose request id 581b83dbea8d940d
22 http request GET https://registry.npmjs.org/angular-disqus
23 http 404 https://registry.npmjs.org/angular-disqus
24 verbose headers { date: 'Sat, 01 Nov 2014 20:26:08 GMT',
24 verbose headers   server: 'CouchDB/1.5.0 (Erlang OTP/R16B03)',
24 verbose headers   'content-type': 'application/json',
24 verbose headers   'cache-control': 'max-age=0',
24 verbose headers   'content-length': '52',
24 verbose headers   'accept-ranges': 'bytes',
24 verbose headers   via: '1.1 varnish',
24 verbose headers   age: '0',
24 verbose headers   'x-served-by': 'cache-fra1235-FRA',
24 verbose headers   'x-cache': 'MISS',
24 verbose headers   'x-cache-hits': '0',
24 verbose headers   'x-timer': 'S1414873567.991522,VS0,VE174',
24 verbose headers   'keep-alive': 'timeout=10, max=50',
24 verbose headers   connection: 'Keep-Alive' }
25 silly registry.get cb [ 404,
25 silly registry.get   { date: 'Sat, 01 Nov 2014 20:26:08 GMT',
25 silly registry.get     server: 'CouchDB/1.5.0 (Erlang OTP/R16B03)',
25 silly registry.get     'content-type': 'application/json',
25 silly registry.get     'cache-control': 'max-age=0',
25 silly registry.get     'content-length': '52',
25 silly registry.get     'accept-ranges': 'bytes',
25 silly registry.get     via: '1.1 varnish',
25 silly registry.get     age: '0',
25 silly registry.get     'x-served-by': 'cache-fra1235-FRA',
25 silly registry.get     'x-cache': 'MISS',
25 silly registry.get     'x-cache-hits': '0',
25 silly registry.get     'x-timer': 'S1414873567.991522,VS0,VE174',
25 silly registry.get     'keep-alive': 'timeout=10, max=50',
25 silly registry.get     connection: 'Keep-Alive' } ]
26 verbose stack Error: 404 Not Found: angular-disqus
26 verbose stack     at RegClient.<anonymous> (/usr/local/lib/node_modules/npm/node_modules/npm-registry-client/lib/request.js:258:14)
26 verbose stack     at Request._callback (/usr/local/lib/node_modules/npm/node_modules/npm-registry-client/lib/request.js:197:65)
26 verbose stack     at Request.self.callback (/usr/local/lib/node_modules/npm/node_modules/request/request.js:237:22)
26 verbose stack     at Request.EventEmitter.emit (events.js:98:17)
26 verbose stack     at Request.<anonymous> (/usr/local/lib/node_modules/npm/node_modules/request/request.js:1146:14)
26 verbose stack     at Request.EventEmitter.emit (events.js:117:20)
26 verbose stack     at IncomingMessage.<anonymous> (/usr/local/lib/node_modules/npm/node_modules/request/request.js:1097:12)
26 verbose stack     at IncomingMessage.EventEmitter.emit (events.js:117:20)
26 verbose stack     at _stream_readable.js:920:16
26 verbose stack     at process._tickCallback (node.js:415:13)
27 verbose statusCode 404
28 verbose pkgid angular-disqus
29 verbose cwd /Users/hugolafitte/bitcrowfunding
30 error Darwin 14.0.0
31 error argv "node" "/usr/local/bin/npm" "install" "angular-disqus" "--save"
32 error node v0.10.25
33 error npm  v2.1.3
34 error code E404
35 error 404 Not Found: angular-disqus
35 error 404
35 error 404 'angular-disqus' is not in the npm registry.
35 error 404 You should bug the author to publish it (or use the name yourself!)
35 error 404 It was specified as a dependency of 'bit-crowd-funds'
35 error 404
35 error 404 Note that you can also install from a
35 error 404 tarball, folder, http url, or git url.
36 verbose exit [ 1, true ]
